[>>][56fee08a5178e307162444][DEFAULT][/testlink/index.php][16/Apr/1 20:56:42]
[<<][56fee08a5178e307162444][DEFAULT][/testlink/index.php][16/Apr/1 20:56:42][16/Apr/1 20:56:42][took 0.32915 secs]
[>>][56fee08ae30dc890518211][DEFAULT][/testlink/login.php][16/Apr/1 20:56:42]
[<<][56fee08ae30dc890518211][DEFAULT][/testlink/login.php][16/Apr/1 20:56:42][16/Apr/1 20:56:43][took 0.099338 secs]
[>>][56fee08b08db6457079312][DEFAULT][/testlink/login.php][16/Apr/1 20:56:43]
[<<][56fee08b08db6457079312][DEFAULT][/testlink/login.php][16/Apr/1 20:56:43][16/Apr/1 20:56:43][took 0.754351 secs]
[>>][56fee0a728027196065227][DEFAULT][/testlink/login.php][16/Apr/1 20:57:11]
[<<][56fee0a728027196065227][DEFAULT][/testlink/login.php][16/Apr/1 20:57:11][16/Apr/1 20:57:11][took 0.073573 secs]
[>>][56fee0a73dcf3022952628][DEFAULT][/testlink/login.php][16/Apr/1 20:57:11]
	[16/Apr/1 20:57:11][AUDIT][<nosession>][GUI]
		Login for 'admin' from '::1' failed
[<<][56fee0a73dcf3022952628][DEFAULT][/testlink/login.php][16/Apr/1 20:57:11][16/Apr/1 20:57:11][took 0.187436 secs]
[>>][56fee0b29c6ff380940893][DEFAULT][/testlink/login.php][16/Apr/1 20:57:22]
[<<][56fee0b29c6ff380940893][DEFAULT][/testlink/login.php][16/Apr/1 20:57:22][16/Apr/1 20:57:22][took 0.044462 secs]
[>>][56fee0b2aa874632314926][DEFAULT][/testlink/login.php][16/Apr/1 20:57:22]
[<<][56fee0b2aa874632314926][DEFAULT][/testlink/login.php][16/Apr/1 20:57:22][16/Apr/1 20:57:22][took 0.022745 secs]
[>>][56fee0b2b2984761010029][DEFAULT][/testlink/login.php][16/Apr/1 20:57:22]
[>>][56fee0b35eff3788994605][DEFAULT][/testlink/index.php][16/Apr/1 20:57:23]
[>>][56fee0b3c493d139633881][DEFAULT][/testlink/lib/general/navBar.php][16/Apr/1 20:57:23]
[>>][56fee0b3cf8fc254210006][DEFAULT][/testlink/lib/general/mainPage.php][16/Apr/1 20:57:23]
[>>][56fee0b449dcf733770534][DEFAULT][/testlink/lib/project/projectEdit.php][16/Apr/1 20:57:24]
[>>][56fee0edd86a4444418874][DEFAULT][/testlink/lib/project/projectEdit.php][16/Apr/1 20:58:21]
[>>][56fee0f236265651767307][DEFAULT][/testlink/lib/general/navBar.php][16/Apr/1 20:58:26]
[>>][56fee0fb4fa39796017279][DEFAULT][/testlink/lib/project/projectEdit.php][16/Apr/1 20:58:35]
[>>][56fee0fb9e660227292475][DEFAULT][/testlink/lib/project/projectEdit.php][16/Apr/1 20:58:35]
[>>][56fee0fd73775161960465][DEFAULT][/testlink/index.php][16/Apr/1 20:58:37]
[>>][56fee10468c4e365586064][DEFAULT][/testlink/lib/project/projectEdit.php][16/Apr/1 20:58:44]
[>>][56fee106982d4208655945][DEFAULT][/testlink/lib/general/navBar.php][16/Apr/1 20:58:46]
[>>][56fee10ae4ed0892822219][DEFAULT][/testlink/lib/project/projectEdit.php][16/Apr/1 20:58:50]
[>>][56fee10c9949c703555852][DEFAULT][/testlink/lib/general/navBar.php][16/Apr/1 20:58:52]
[>>][56fee1140d5ef457174291][DEFAULT][/testlink/lib/project/projectEdit.php][16/Apr/1 20:59:00]
[>>][56fee118cb9ac808787567][DEFAULT][/testlink/lib/general/navBar.php][16/Apr/1 20:59:04]
[>>][56fee130afe9e785096077][DEFAULT][/testlink/index.php][16/Apr/1 20:59:28]
[>>][56fee131090b4385523261][DEFAULT][/testlink/lib/general/navBar.php][16/Apr/1 20:59:29]
[>>][56fee1310e9a2429405162][DEFAULT][/testlink/lib/general/mainPage.php][16/Apr/1 20:59:29]
[>>][56fee1757dc2d609892273][DEFAULT][/testlink/lib/general/frmWorkArea.php][16/Apr/1 21:00:37]
[>>][56fee175bec6c438616450][DEFAULT][/lib/project/project_req_spec_mgmt.php][16/Apr/1 21:00:37]
[>>][56fee175c6e8e651499251][DEFAULT][/lib/requirements/reqSpecListTree.php][16/Apr/1 21:00:37]
[>>][56fee178d5959529979817][DEFAULT][/testlink/lib/ajax/getrequirementnodes.php][16/Apr/1 21:00:40]
[>>][56fee18701bb1249774975][DEFAULT][/testlink/lib/general/frmWorkArea.php][16/Apr/1 21:00:55]
[>>][56fee18794642434218839][DEFAULT][/testlink/lib/testcases/archiveData.php][16/Apr/1 21:00:55]
[>>][56fee1879602f438308068][DEFAULT][/testlink/lib/testcases/listTestCases.php][16/Apr/1 21:00:55]
[>>][56fee18d145ca975795159][DEFAULT][/testlink/lib/ajax/gettprojectnodes.php][16/Apr/1 21:01:01]
[>>][56fee1938f9f3922184211][DEFAULT][/testlink/lib/project/projectView.php][16/Apr/1 21:01:07]
[>>][56fee19ecf196666634751][DEFAULT][/testlink/lib/general/frmWorkArea.php][16/Apr/1 21:01:18]
[>>][56fee19f1d57f404762971][DEFAULT][/lib/requirements/reqSpecListTree.php][16/Apr/1 21:01:19]
[>>][56fee19f208fb463336553][DEFAULT][/lib/project/project_req_spec_mgmt.php][16/Apr/1 21:01:19]
[>>][56fee1a1388ca415603824][DEFAULT][/testlink/lib/ajax/getrequirementnodes.php][16/Apr/1 21:01:21]
[>>][5707246095a87513828322][DEFAULT][/testlink/index.php][16/Apr/8 03:24:16]
[<<][5707246095a87513828322][DEFAULT][/testlink/index.php][16/Apr/8 03:24:16][16/Apr/8 03:24:18][took 1.466854 secs]
[>>][570724631fd65159571842][DEFAULT][/testlink/login.php][16/Apr/8 03:24:19]
[<<][570724631fd65159571842][DEFAULT][/testlink/login.php][16/Apr/8 03:24:19][16/Apr/8 03:24:20][took 1.185142 secs]
[>>][570724644efce906361229][DEFAULT][/testlink/login.php][16/Apr/8 03:24:20]
[<<][570724644efce906361229][DEFAULT][/testlink/login.php][16/Apr/8 03:24:20][16/Apr/8 03:24:22][took 1.951417 secs]
[>>][570724722658c713393464][DEFAULT][/testlink/login.php][16/Apr/8 03:24:34]
[<<][570724722658c713393464][DEFAULT][/testlink/login.php][16/Apr/8 03:24:34][16/Apr/8 03:24:34][took 0.051974 secs]
[>>][5707247234e2b848808577][DEFAULT][/testlink/login.php][16/Apr/8 03:24:34]
	[16/Apr/8 03:24:34][AUDIT][<nosession>][GUI]
		Login for 'admin' from '::1' failed
[<<][5707247234e2b848808577][DEFAULT][/testlink/login.php][16/Apr/8 03:24:34][16/Apr/8 03:24:34][took 0.424012 secs]
[>>][5707247a50d8a831206245][DEFAULT][/testlink/login.php][16/Apr/8 03:24:42]
[<<][5707247a50d8a831206245][DEFAULT][/testlink/login.php][16/Apr/8 03:24:42][16/Apr/8 03:24:42][took 0.05631 secs]
[>>][5707247a63ae2797522277][DEFAULT][/testlink/login.php][16/Apr/8 03:24:42]
	[16/Apr/8 03:24:42][AUDIT][<nosession>][GUI]
		Login for 'admin' from '::1' failed
[<<][5707247a63ae2797522277][DEFAULT][/testlink/login.php][16/Apr/8 03:24:42][16/Apr/8 03:24:42][took 0.17591 secs]
[>>][5707247f052bd799452439][DEFAULT][/testlink/login.php][16/Apr/8 03:24:47]
[<<][5707247f052bd799452439][DEFAULT][/testlink/login.php][16/Apr/8 03:24:47][16/Apr/8 03:24:47][took 0.046028 secs]
[>>][5707247f1217c942675764][DEFAULT][/testlink/login.php][16/Apr/8 03:24:47]
[<<][5707247f1217c942675764][DEFAULT][/testlink/login.php][16/Apr/8 03:24:47][16/Apr/8 03:24:47][took 0.025444 secs]
[>>][5707247f19bdb342653690][DEFAULT][/testlink/login.php][16/Apr/8 03:24:47]
[>>][5707248053ed6600528701][DEFAULT][/testlink/index.php][16/Apr/8 03:24:48]
[>>][570724828f848577011095][DEFAULT][/testlink/lib/general/navBar.php][16/Apr/8 03:24:50]
[>>][5707248290453180768221][DEFAULT][/testlink/lib/general/mainPage.php][16/Apr/8 03:24:50]
[>>][570726953b6ad718445465][DEFAULT][/testlink/index.php][16/Apr/8 03:33:41]
[>>][570726959526a515809377][DEFAULT][/testlink/lib/general/navBar.php][16/Apr/8 03:33:41]
[>>][57072695a0812923037176][DEFAULT][/testlink/lib/general/mainPage.php][16/Apr/8 03:33:41]
[>>][57072904af6ca605523756][DEFAULT][/testlink/lib/usermanagement/userInfo.php][16/Apr/8 03:44:04]
[>>][57072921c4180046407470][DEFAULT][/testlink/index.php][16/Apr/8 03:44:33]
[>>][570729223f387631302580][DEFAULT][/testlink/lib/general/navBar.php][16/Apr/8 03:44:34]
[>>][570729224918e685716400][DEFAULT][/testlink/lib/general/mainPage.php][16/Apr/8 03:44:34]
[>>][5707292836dc6791780735][DEFAULT][/testlink/lib/platforms/platformsView.php][16/Apr/8 03:44:40]
[>>][57072935a7461795145773][DEFAULT][/testlink/lib/platforms/platformsEdit.php][16/Apr/8 03:44:53]
[>>][5707293a96fc6724484458][DEFAULT][/testlink/lib/platforms/platformsView.php][16/Apr/8 03:44:58]
[>>][5707293de601a385480700][DEFAULT][/testlink/index.php][16/Apr/8 03:45:01]
[>>][5707293e36c8f497776056][DEFAULT][/testlink/lib/general/navBar.php][16/Apr/8 03:45:02]
[>>][5707293e3c638520638243][DEFAULT][/testlink/lib/general/mainPage.php][16/Apr/8 03:45:02]
[>>][570729481a959621873000][DEFAULT][/testlink/lib/project/projectView.php][16/Apr/8 03:45:12]
[>>][5717cb250783e961409846][DEFAULT][/testlink/index.php][16/Apr/20 18:32:05]
[<<][5717cb250783e961409846][DEFAULT][/testlink/index.php][16/Apr/20 18:32:05][16/Apr/20 18:32:06][took 1.422018 secs]
[>>][5717cb26acf22503855690][DEFAULT][/testlink/login.php][16/Apr/20 18:32:06]
[<<][5717cb26acf22503855690][DEFAULT][/testlink/login.php][16/Apr/20 18:32:06][16/Apr/20 18:32:08][took 1.534562 secs]
[>>][5717cb2843289542893813][DEFAULT][/testlink/login.php][16/Apr/20 18:32:08]
[<<][5717cb2843289542893813][DEFAULT][/testlink/login.php][16/Apr/20 18:32:08][16/Apr/20 18:32:10][took 2.015332 secs]
[>>][5717d708a3001548654400][DEFAULT][/testlink/index.php][16/Apr/20 19:22:48]
[<<][5717d708a3001548654400][DEFAULT][/testlink/index.php][16/Apr/20 19:22:48][16/Apr/20 19:22:48][took 0.043313 secs]
[>>][5717d708d1e5f049819352][DEFAULT][/testlink/login.php][16/Apr/20 19:22:48]
[<<][5717d708d1e5f049819352][DEFAULT][/testlink/login.php][16/Apr/20 19:22:48][16/Apr/20 19:22:48][took 0.132587 secs]
[>>][5717d7090017a214066495][DEFAULT][/testlink/login.php][16/Apr/20 19:22:49]
[<<][5717d7090017a214066495][DEFAULT][/testlink/login.php][16/Apr/20 19:22:49][16/Apr/20 19:22:49][took 0.044493 secs]
[>>][5717d7117a084130322201][DEFAULT][/testlink/login.php][16/Apr/20 19:22:57]
[<<][5717d7117a084130322201][DEFAULT][/testlink/login.php][16/Apr/20 19:22:57][16/Apr/20 19:22:57][took 0.179887 secs]
[>>][5717d711a7696618539892][DEFAULT][/testlink/login.php][16/Apr/20 19:22:57]
	[16/Apr/20 19:22:57][AUDIT][<nosession>][GUI]
		Login for 'admin' from '127.0.0.1' failed
[<<][5717d711a7696618539892][DEFAULT][/testlink/login.php][16/Apr/20 19:22:57][16/Apr/20 19:22:58][took 0.645959 secs]
[>>][5717d71634743997267873][DEFAULT][/testlink/login.php][16/Apr/20 19:23:02]
[<<][5717d71634743997267873][DEFAULT][/testlink/login.php][16/Apr/20 19:23:02][16/Apr/20 19:23:02][took 0.042631 secs]
[>>][5717d71640dfd687507191][DEFAULT][/testlink/login.php][16/Apr/20 19:23:02]
	[16/Apr/20 19:23:02][AUDIT][<nosession>][GUI]
		Login for 'admin' from '127.0.0.1' failed
[<<][5717d71640dfd687507191][DEFAULT][/testlink/login.php][16/Apr/20 19:23:02][16/Apr/20 19:23:02][took 0.138139 secs]
[>>][5717d71b7be29589449287][DEFAULT][/testlink/login.php][16/Apr/20 19:23:07]
[<<][5717d71b7be29589449287][DEFAULT][/testlink/login.php][16/Apr/20 19:23:07][16/Apr/20 19:23:07][took 0.074378 secs]
[>>][5717d71b8fd8f292259144][DEFAULT][/testlink/login.php][16/Apr/20 19:23:07]
[<<][5717d71b8fd8f292259144][DEFAULT][/testlink/login.php][16/Apr/20 19:23:07][16/Apr/20 19:23:07][took 0.024468 secs]
[>>][5717d71b9f1be537208686][DEFAULT][/testlink/login.php][16/Apr/20 19:23:07]
[>>][5717d71ca0f96089142395][DEFAULT][/testlink/index.php][16/Apr/20 19:23:08]
[>>][5717d71d26fd9300538731][DEFAULT][/testlink/lib/general/navBar.php][16/Apr/20 19:23:09]
[>>][5717d71d37be3448385649][DEFAULT][/testlink/lib/general/mainPage.php][16/Apr/20 19:23:09]
[>>][5717d74dc2ee7642000855][DEFAULT][/testlink/lib/general/navBar.php][16/Apr/20 19:23:57]
[>>][5717d754c1ebc240993515][DEFAULT][/testlink/index.php][16/Apr/20 19:24:04]
[>>][5717d7551133b963286336][DEFAULT][/testlink/lib/general/navBar.php][16/Apr/20 19:24:05]
[>>][5717d75520279968087730][DEFAULT][/testlink/lib/general/mainPage.php][16/Apr/20 19:24:05]
[>>][5717d7a29e35f961369614][DEFAULT][/testlink/index.php][16/Apr/20 19:25:22]
[>>][5717d7a2ef4e6160981683][DEFAULT][/testlink/lib/general/navBar.php][16/Apr/20 19:25:22]
[>>][5717d7a300cb4262880591][DEFAULT][/testlink/lib/general/mainPage.php][16/Apr/20 19:25:23]
[>>][5717d7cfe1c0c016233803][DEFAULT][/testlink/index.php][16/Apr/20 19:26:07]
[>>][5717d7d0178b8696030197][DEFAULT][/testlink/lib/general/navBar.php][16/Apr/20 19:26:08]
[>>][5717d7d01eb78886239338][DEFAULT][/testlink/lib/general/mainPage.php][16/Apr/20 19:26:08]
[>>][5717d7e54d126103402887][DEFAULT][/testlink/index.php][16/Apr/20 19:26:29]
[>>][5717d7e588dc7387083062][DEFAULT][/testlink/lib/general/navBar.php][16/Apr/20 19:26:29]
[>>][5717d7e591188976295076][DEFAULT][/testlink/lib/general/mainPage.php][16/Apr/20 19:26:29]
[>>][5717d82419a26111449585][DEFAULT][/testlink/index.php][16/Apr/20 19:27:32]
[>>][5717d82460820719122822][DEFAULT][/testlink/lib/general/navBar.php][16/Apr/20 19:27:32]
[>>][5717d82463ab5782074476][DEFAULT][/testlink/lib/general/mainPage.php][16/Apr/20 19:27:32]
[>>][5717d83976750886684659][DEFAULT][/testlink/index.php][16/Apr/20 19:27:53]
[>>][5717d83ac8fdb076908973][DEFAULT][/testlink/lib/general/navBar.php][16/Apr/20 19:27:54]
[>>][5717d83ad5b7a656928536][DEFAULT][/testlink/lib/general/mainPage.php][16/Apr/20 19:27:54]
[>>][5717d889d4cd4276699842][DEFAULT][/testlink/index.php][16/Apr/20 19:29:13]
[>>][5717d88a1ac10579129254][DEFAULT][/testlink/lib/general/navBar.php][16/Apr/20 19:29:14]
[>>][5717d88a1bf05773526919][DEFAULT][/testlink/lib/general/mainPage.php][16/Apr/20 19:29:14]
[>>][571a78a025e5a214685970][DEFAULT][/testlink/index.php][16/Apr/22 19:16:48]
[>>][571a78a07797f226580696][DEFAULT][/testlink/index.php][16/Apr/22 19:16:48]
[<<][571a78a025e5a214685970][DEFAULT][/testlink/index.php][16/Apr/22 19:16:48][16/Apr/22 19:16:49][took 0.975981 secs]
[<<][571a78a07797f226580696][DEFAULT][/testlink/index.php][16/Apr/22 19:16:48][16/Apr/22 19:16:49][took 0.738361 secs]
[>>][571a78a149d61815744206][DEFAULT][/testlink/login.php][16/Apr/22 19:16:49]
[<<][571a78a149d61815744206][DEFAULT][/testlink/login.php][16/Apr/22 19:16:49][16/Apr/22 19:16:50][took 1.176823 secs]
[>>][571a78a2786f2889344190][DEFAULT][/testlink/login.php][16/Apr/22 19:16:50]
[<<][571a78a2786f2889344190][DEFAULT][/testlink/login.php][16/Apr/22 19:16:50][16/Apr/22 19:16:51][took 0.508378 secs]
[>>][571a78aea163f998602197][DEFAULT][/testlink/login.php][16/Apr/22 19:17:02]
[<<][571a78aea163f998602197][DEFAULT][/testlink/login.php][16/Apr/22 19:17:02][16/Apr/22 19:17:02][took 0.09394 secs]
[>>][571a78aec17fc676136903][DEFAULT][/testlink/login.php][16/Apr/22 19:17:02]
	[16/Apr/22 19:17:02][AUDIT][<nosession>][GUI]
		Login for 'admin' from '::1' failed
[<<][571a78aec17fc676136903][DEFAULT][/testlink/login.php][16/Apr/22 19:17:02][16/Apr/22 19:17:03][took 0.632035 secs]
[>>][571a78b569e90638286478][DEFAULT][/testlink/login.php][16/Apr/22 19:17:09]
[<<][571a78b569e90638286478][DEFAULT][/testlink/login.php][16/Apr/22 19:17:09][16/Apr/22 19:17:09][took 0.037963 secs]
[>>][571a78b57479f346376998][DEFAULT][/testlink/login.php][16/Apr/22 19:17:09]
[<<][571a78b57479f346376998][DEFAULT][/testlink/login.php][16/Apr/22 19:17:09][16/Apr/22 19:17:09][took 0.016615 secs]
[>>][571a78b579d43212817784][DEFAULT][/testlink/login.php][16/Apr/22 19:17:09]
[>>][571a78b65c7b6427077007][DEFAULT][/testlink/index.php][16/Apr/22 19:17:10]
[>>][571a78b6d9f5a383269009][DEFAULT][/testlink/lib/general/navBar.php][16/Apr/22 19:17:10]
[>>][571a78b736969715164405][DEFAULT][/testlink/lib/general/mainPage.php][16/Apr/22 19:17:11]
[>>][571aa72aefc23721332524][DEFAULT][/testlink/lib/usermanagement/userInfo.php][16/Apr/22 22:35:22]
[>>][571aae1938126873210964][DEFAULT][/testlink/index.php][16/Apr/22 23:04:57]
[<<][571aae1938126873210964][DEFAULT][/testlink/index.php][16/Apr/22 23:04:57][16/Apr/22 23:04:57][took 0.092137 secs]
[>>][571aae196ebdd274906424][DEFAULT][/testlink/login.php][16/Apr/22 23:04:57]
[<<][571aae196ebdd274906424][DEFAULT][/testlink/login.php][16/Apr/22 23:04:57][16/Apr/22 23:04:57][took 0.123875 secs]
[>>][571aae198eb41158011486][DEFAULT][/testlink/login.php][16/Apr/22 23:04:57]
[<<][571aae198eb41158011486][DEFAULT][/testlink/login.php][16/Apr/22 23:04:57][16/Apr/22 23:04:57][took 0.094849 secs]
[>>][571aae2825084819607885][DEFAULT][/testlink/login.php][16/Apr/22 23:05:12]
[<<][571aae2825084819607885][DEFAULT][/testlink/login.php][16/Apr/22 23:05:12][16/Apr/22 23:05:12][took 0.046071 secs]
[>>][571aae2831ddc088415179][DEFAULT][/testlink/login.php][16/Apr/22 23:05:12]
[<<][571aae2831ddc088415179][DEFAULT][/testlink/login.php][16/Apr/22 23:05:12][16/Apr/22 23:05:12][took 0.017063 secs]
[>>][571aae283848b523120511][DEFAULT][/testlink/login.php][16/Apr/22 23:05:12]
[>>][571aae28c3ae0683834469][DEFAULT][/testlink/index.php][16/Apr/22 23:05:12]
[>>][571aae295c07f562888737][DEFAULT][/testlink/lib/general/navBar.php][16/Apr/22 23:05:13]
[>>][571aae295d23a715315618][DEFAULT][/testlink/lib/general/mainPage.php][16/Apr/22 23:05:13]
[>>][571aae465e5e1617432459][DEFAULT][/testlink/index.php][16/Apr/22 23:05:42]
[<<][571aae465e5e1617432459][DEFAULT][/testlink/index.php][16/Apr/22 23:05:42][16/Apr/22 23:05:42][took 0.036571 secs]
[>>][571aae4679b83192332462][DEFAULT][/testlink/login.php][16/Apr/22 23:05:42]
[<<][571aae4679b83192332462][DEFAULT][/testlink/login.php][16/Apr/22 23:05:42][16/Apr/22 23:05:42][took 0.042533 secs]
[>>][571aae4685952453962487][DEFAULT][/testlink/login.php][16/Apr/22 23:05:42]
[<<][571aae4685952453962487][DEFAULT][/testlink/login.php][16/Apr/22 23:05:42][16/Apr/22 23:05:42][took 0.016221 secs]
[>>][571aae67ee36c880600984][DEFAULT][/testlink/index.php][16/Apr/22 23:06:15]
[>>][571aae682e275134720637][DEFAULT][/testlink/lib/general/navBar.php][16/Apr/22 23:06:16]
[>>][571aae6842d20246529918][DEFAULT][/testlink/lib/general/mainPage.php][16/Apr/22 23:06:16]
[>>][571aaebb43f09075720599][DEFAULT][/testlink/index.php][16/Apr/22 23:07:39]
[>>][571aaebb74820107925478][DEFAULT][/testlink/lib/general/navBar.php][16/Apr/22 23:07:39]
[>>][571aaebb782e9411772708][DEFAULT][/testlink/lib/general/mainPage.php][16/Apr/22 23:07:39]
[>>][571ab769f131b485022586][DEFAULT][/testlink/index.php][16/Apr/22 23:44:41]
[>>][571ab76a3ab45729305511][DEFAULT][/testlink/lib/general/navBar.php][16/Apr/22 23:44:42]
[>>][571ab76a40d8c419230991][DEFAULT][/testlink/lib/general/mainPage.php][16/Apr/22 23:44:42]
[>>][571ab77b8b96f993850153][DEFAULT][/testlink/login.php][16/Apr/22 23:44:59]
[<<][571ab77b8b96f993850153][DEFAULT][/testlink/login.php][16/Apr/22 23:44:59][16/Apr/22 23:44:59][took 0.062304 secs]
[>>][571ab77b9dd34269643371][DEFAULT][/testlink/login.php][16/Apr/22 23:44:59]
[<<][571ab77b9dd34269643371][DEFAULT][/testlink/login.php][16/Apr/22 23:44:59][16/Apr/22 23:44:59][took 0.050507 secs]
[>>][571ab83c8f172551172486][DEFAULT][/testlink/index.php][16/Apr/22 23:48:12]
[>>][571ab83d085f5412733667][DEFAULT][/testlink/lib/general/navBar.php][16/Apr/22 23:48:13]
[>>][571ab83d1354d552035873][DEFAULT][/testlink/lib/general/mainPage.php][16/Apr/22 23:48:13]
[>>][571ab841dd45b939631677][DEFAULT][/testlink/logout.php][16/Apr/22 23:48:17]
[<<][571ab841e6a88493601943][DEFAULT][/testlink/logout.php][16/Apr/22 23:48:17][16/Apr/22 23:48:18][took 0.313082 secs]
[>>][571ab842847fc085848716][DEFAULT][/testlink/login.php][16/Apr/22 23:48:18]
[<<][571ab842847fc085848716][DEFAULT][/testlink/login.php][16/Apr/22 23:48:18][16/Apr/22 23:48:18][took 0.044631 secs]
[>>][571ab84291946043170054][DEFAULT][/testlink/login.php][16/Apr/22 23:48:18]
[<<][571ab84291946043170054][DEFAULT][/testlink/login.php][16/Apr/22 23:48:18][16/Apr/22 23:48:18][took 0.043337 secs]
[>>][571ab853bb3d4881979632][DEFAULT][/testlink/login.php][16/Apr/22 23:48:35]
[<<][571ab853bb3d4881979632][DEFAULT][/testlink/login.php][16/Apr/22 23:48:35][16/Apr/22 23:48:35][took 0.036757 secs]
[>>][571ab853c6cd4388623010][DEFAULT][/testlink/login.php][16/Apr/22 23:48:35]
[<<][571ab853c6cd4388623010][DEFAULT][/testlink/login.php][16/Apr/22 23:48:35][16/Apr/22 23:48:35][took 0.015984 secs]
[>>][571bc5daac855453631280][DEFAULT][/testlink/login.php][16/Apr/23 18:58:34]
[<<][571bc5daac855453631280][DEFAULT][/testlink/login.php][16/Apr/23 18:58:34][16/Apr/23 18:58:35][took 0.711505 secs]
[>>][571bc5db8b55b201840706][DEFAULT][/testlink/login.php][16/Apr/23 18:58:35]
[>>][571bc5dd32f53110286709][DEFAULT][/testlink/index.php][16/Apr/23 18:58:37]
[>>][571bc5de45ec0085954707][DEFAULT][/testlink/lib/general/navBar.php][16/Apr/23 18:58:38]
[>>][571bc5de495d7910866413][DEFAULT][/testlink/lib/general/mainPage.php][16/Apr/23 18:58:38]
[<<][571bc5db8b55b201840706][DEFAULT][/testlink/login.php][16/Apr/23 18:58:35][16/Apr/23 18:58:38][took 3.227234 secs]
[>>][571bc623b8456281248552][DEFAULT][/testlink/login.php][16/Apr/23 18:59:47]
[<<][571bc623b8456281248552][DEFAULT][/testlink/login.php][16/Apr/23 18:59:47][16/Apr/23 18:59:47][took 0.083723 secs]
[>>][571bc623cf66a554910854][DEFAULT][/testlink/login.php][16/Apr/23 18:59:47]
[<<][571bc623cf66a554910854][DEFAULT][/testlink/login.php][16/Apr/23 18:59:47][16/Apr/23 18:59:47][took 0.098987 secs]
[>>][571bc6285491d380733736][DEFAULT][/testlink/index.php][16/Apr/23 18:59:52]
[>>][571bc62884596469928425][DEFAULT][/testlink/lib/general/navBar.php][16/Apr/23 18:59:52]
[>>][571bc628873b7494248268][DEFAULT][/testlink/lib/general/mainPage.php][16/Apr/23 18:59:52]
