	[16/Apr/1 20:57:22][AUDIT][npkij4djjbt1dgirehqk17i2p5][GUI]
		Login for 'admin' from '::1' succeeded
[<<][56fee0b2b2984761010029][DEFAULT][/testlink/login.php][16/Apr/1 20:57:22][16/Apr/1 20:57:23][took 0.29901 secs]
[<<][56fee0b35eff3788994605][DEFAULT][/testlink/index.php][16/Apr/1 20:57:23][16/Apr/1 20:57:23][took 0.09402 secs]
[>>][56fee0b3785f4542739988][DEFAULT][/testlink/index.php][16/Apr/1 20:57:23]
[<<][56fee0b3785f4542739988][DEFAULT][/testlink/index.php][16/Apr/1 20:57:23][16/Apr/1 20:57:23][took 0.072066 secs]
[<<][56fee0b3cf8fc254210006][DEFAULT][/testlink/lib/general/mainPage.php][16/Apr/1 20:57:23][16/Apr/1 20:57:23][took 0.048745 secs]
[>>][56fee0b3dd413429474328][DEFAULT][/testlink/lib/general/mainPage.php][16/Apr/1 20:57:23]
	[16/Apr/1 20:57:23][WARNING][npkij4djjbt1dgirehqk17i2p5][GUI]
		No project found: Assume a new installation and redirect to create it
[<<][56fee0b3dd413429474328][DEFAULT][/testlink/lib/general/mainPage.php][16/Apr/1 20:57:23][16/Apr/1 20:57:24][took 0.203877 secs]
[<<][56fee0b3c493d139633881][DEFAULT][/testlink/lib/general/navBar.php][16/Apr/1 20:57:23][16/Apr/1 20:57:24][took 0.363354 secs]
[>>][56fee0b42cd33807976613][DEFAULT][/testlink/lib/general/navBar.php][16/Apr/1 20:57:24]
[<<][56fee0b42cd33807976613][DEFAULT][/testlink/lib/general/navBar.php][16/Apr/1 20:57:24][16/Apr/1 20:57:24][took 0.323049 secs]
[<<][56fee0b449dcf733770534][DEFAULT][/testlink/lib/project/projectEdit.php][16/Apr/1 20:57:24][16/Apr/1 20:57:24][took 0.243659 secs]
[>>][56fee0b489b15916885406][DEFAULT][/testlink/lib/project/projectEdit.php][16/Apr/1 20:57:24]
	[16/Apr/1 20:57:25][L18N][npkij4djjbt1dgirehqk17i2p5][GUI]
		string 'api_key' is not localized for locale 'en_US'  - using en_GB
	[16/Apr/1 20:57:25][L18N][npkij4djjbt1dgirehqk17i2p5][GUI]
		string 'testproject_issue_tracker_integration' is not localized for locale 'en_US'  - using en_GB
	[16/Apr/1 20:57:25][L18N][npkij4djjbt1dgirehqk17i2p5][GUI]
		string 'issue_tracker' is not localized for locale 'en_US'  - using en_GB
	[16/Apr/1 20:57:25][L18N][npkij4djjbt1dgirehqk17i2p5][GUI]
		string 'testproject_reqmgr_integration' is not localized for locale 'en_US'  - using en_GB
	[16/Apr/1 20:57:25][L18N][npkij4djjbt1dgirehqk17i2p5][GUI]
		string 'reqmgrsystem' is not localized for locale 'en_US'  - using en_GB
	[16/Apr/1 20:57:25][L18N][npkij4djjbt1dgirehqk17i2p5][GUI]
		string 'no_rms_defined' is not localized for locale 'en_US'  - using en_GB
	[16/Apr/1 20:57:25][L18N][npkij4djjbt1dgirehqk17i2p5][GUI]
		string 'no_issuetracker_defined' is not localized for locale 'en_US'  - using en_GB
[<<][56fee0b489b15916885406][DEFAULT][/testlink/lib/project/projectEdit.php][16/Apr/1 20:57:24][16/Apr/1 20:57:26][took 1.656794 secs]
[<<][56fee0edd86a4444418874][DEFAULT][/testlink/lib/project/projectEdit.php][16/Apr/1 20:58:21][16/Apr/1 20:58:21][took 0.063996 secs]
[>>][56fee0edeb1e6228716871][DEFAULT][/testlink/lib/project/projectEdit.php][16/Apr/1 20:58:21]
	[16/Apr/1 20:58:22][AUDIT][npkij4djjbt1dgirehqk17i2p5][GUI]
		Test Project 'Proyecto de Prueba' was created
	[16/Apr/1 20:58:22][L18N][npkij4djjbt1dgirehqk17i2p5][GUI]
		string 'available_test_projects' is not localized for locale 'en_US'  - using en_GB
	[16/Apr/1 20:58:22][L18N][npkij4djjbt1dgirehqk17i2p5][GUI]
		string 'active_integration' is not localized for locale 'en_US'  - using en_GB
	[16/Apr/1 20:58:22][L18N][npkij4djjbt1dgirehqk17i2p5][GUI]
		string 'inactive_integration' is not localized for locale 'en_US'  - using en_GB
	[16/Apr/1 20:58:23][L18N][npkij4djjbt1dgirehqk17i2p5][GUI]
		string 'btn_search_filter' is not localized for locale 'en_US'  - using en_GB
	[16/Apr/1 20:58:23][L18N][npkij4djjbt1dgirehqk17i2p5][GUI]
		string 'hint_like_search_on_name' is not localized for locale 'en_US'  - using en_GB
	[16/Apr/1 20:58:23][L18N][npkij4djjbt1dgirehqk17i2p5][GUI]
		string 'btn_reset_filter' is not localized for locale 'en_US'  - using en_GB
	[16/Apr/1 20:58:23][L18N][npkij4djjbt1dgirehqk17i2p5][GUI]
		string 'th_issuetracker' is not localized for locale 'en_US'  - using en_GB
	[16/Apr/1 20:58:23][L18N][npkij4djjbt1dgirehqk17i2p5][GUI]
		string 'th_reqmgrsystem_short' is not localized for locale 'en_US'  - using en_GB
	[16/Apr/1 20:58:23][L18N][npkij4djjbt1dgirehqk17i2p5][GUI]
		string 'active_click_to_change' is not localized for locale 'en_US'  - using en_GB
	[16/Apr/1 20:58:23][L18N][npkij4djjbt1dgirehqk17i2p5][GUI]
		string 'inactive_click_to_change' is not localized for locale 'en_US'  - using en_GB
	[16/Apr/1 20:58:23][L18N][npkij4djjbt1dgirehqk17i2p5][GUI]
		string 'click_to_enable' is not localized for locale 'en_US'  - using en_GB
	[16/Apr/1 20:58:23][L18N][npkij4djjbt1dgirehqk17i2p5][GUI]
		string 'click_to_disable' is not localized for locale 'en_US'  - using en_GB
[<<][56fee0edeb1e6228716871][DEFAULT][/testlink/lib/project/projectEdit.php][16/Apr/1 20:58:21][16/Apr/1 20:58:23][took 1.784765 secs]
[<<][56fee0f236265651767307][DEFAULT][/testlink/lib/general/navBar.php][16/Apr/1 20:58:26][16/Apr/1 20:58:26][took 0.117443 secs]
[>>][56fee0f255d5d488687125][DEFAULT][/testlink/lib/general/navBar.php][16/Apr/1 20:58:26]
[<<][56fee0f255d5d488687125][DEFAULT][/testlink/lib/general/navBar.php][16/Apr/1 20:58:26][16/Apr/1 20:58:26][took 0.520904 secs]
[<<][56fee0fb4fa39796017279][DEFAULT][/testlink/lib/project/projectEdit.php][16/Apr/1 20:58:35][16/Apr/1 20:58:35][took 0.051358 secs]
[>>][56fee0fb5e03c615480045][DEFAULT][/testlink/lib/project/projectEdit.php][16/Apr/1 20:58:35]
	[16/Apr/1 20:58:35][WARNING][npkij4djjbt1dgirehqk17i2p5][GUI]
		E_NOTICE
Undefined index: help - in C:\Bitnami\testlink-1.9.14-2\apps\testlink\htdocs\gui\templates_c\7be7e1344076e154ac425d8afd335c3d09113fd4.file.projectEdit.tpl.php - Line 133
[<<][56fee0fb5e03c615480045][DEFAULT][/testlink/lib/project/projectEdit.php][16/Apr/1 20:58:35][16/Apr/1 20:58:35][took 0.35622 secs]
[<<][56fee0fb9e660227292475][DEFAULT][/testlink/lib/project/projectEdit.php][16/Apr/1 20:58:35][16/Apr/1 20:58:35][took 0.222581 secs]
[>>][56fee0fbd6101404038044][DEFAULT][/testlink/lib/project/projectEdit.php][16/Apr/1 20:58:35]
	[16/Apr/1 20:58:35][WARNING][npkij4djjbt1dgirehqk17i2p5][GUI]
		E_NOTICE
Undefined index: help - in C:\Bitnami\testlink-1.9.14-2\apps\testlink\htdocs\gui\templates_c\7be7e1344076e154ac425d8afd335c3d09113fd4.file.projectEdit.tpl.php - Line 133
[<<][56fee0fbd6101404038044][DEFAULT][/testlink/lib/project/projectEdit.php][16/Apr/1 20:58:35][16/Apr/1 20:58:36][took 0.20434 secs]
[<<][56fee0fd73775161960465][DEFAULT][/testlink/index.php][16/Apr/1 20:58:37][16/Apr/1 20:58:37][took 0.057227 secs]
[>>][56fee0fd84e8d675485760][DEFAULT][/testlink/index.php][16/Apr/1 20:58:37]
[<<][56fee0fd84e8d675485760][DEFAULT][/testlink/index.php][16/Apr/1 20:58:37][16/Apr/1 20:58:37][took 0.01409 secs]
[<<][56fee10468c4e365586064][DEFAULT][/testlink/lib/project/projectEdit.php][16/Apr/1 20:58:44][16/Apr/1 20:58:44][took 0.044123 secs]
[>>][56fee10475278083958925][DEFAULT][/testlink/lib/project/projectEdit.php][16/Apr/1 20:58:44]
	[16/Apr/1 20:58:44][AUDIT][npkij4djjbt1dgirehqk17i2p5][GUI]
		Test Project 'Proyecto de Prueba' was saved
[<<][56fee10475278083958925][DEFAULT][/testlink/lib/project/projectEdit.php][16/Apr/1 20:58:44][16/Apr/1 20:58:44][took 0.503654 secs]
[<<][56fee106982d4208655945][DEFAULT][/testlink/lib/general/navBar.php][16/Apr/1 20:58:46][16/Apr/1 20:58:46][took 0.041931 secs]
[>>][56fee106a3c25204190019][DEFAULT][/testlink/lib/general/navBar.php][16/Apr/1 20:58:46]
[<<][56fee106a3c25204190019][DEFAULT][/testlink/lib/general/navBar.php][16/Apr/1 20:58:46][16/Apr/1 20:58:46][took 0.052121 secs]
[<<][56fee10ae4ed0892822219][DEFAULT][/testlink/lib/project/projectEdit.php][16/Apr/1 20:58:50][16/Apr/1 20:58:50][took 0.039711 secs]
[>>][56fee10af0e0b980845387][DEFAULT][/testlink/lib/project/projectEdit.php][16/Apr/1 20:58:50]
[<<][56fee10af0e0b980845387][DEFAULT][/testlink/lib/project/projectEdit.php][16/Apr/1 20:58:50][16/Apr/1 20:58:51][took 0.152137 secs]
[<<][56fee10c9949c703555852][DEFAULT][/testlink/lib/general/navBar.php][16/Apr/1 20:58:52][16/Apr/1 20:58:52][took 0.045433 secs]
[>>][56fee10ca60cc459726522][DEFAULT][/testlink/lib/general/navBar.php][16/Apr/1 20:58:52]
[<<][56fee10ca60cc459726522][DEFAULT][/testlink/lib/general/navBar.php][16/Apr/1 20:58:52][16/Apr/1 20:58:52][took 0.074758 secs]
[<<][56fee1140d5ef457174291][DEFAULT][/testlink/lib/project/projectEdit.php][16/Apr/1 20:59:00][16/Apr/1 20:59:00][took 0.046554 secs]
[>>][56fee1141a17d498958340][DEFAULT][/testlink/lib/project/projectEdit.php][16/Apr/1 20:59:00]
[<<][56fee1141a17d498958340][DEFAULT][/testlink/lib/project/projectEdit.php][16/Apr/1 20:59:00][16/Apr/1 20:59:00][took 0.150055 secs]
[<<][56fee118cb9ac808787567][DEFAULT][/testlink/lib/general/navBar.php][16/Apr/1 20:59:04][16/Apr/1 20:59:04][took 0.046158 secs]
[>>][56fee118d8989284867122][DEFAULT][/testlink/lib/general/navBar.php][16/Apr/1 20:59:04]
[<<][56fee118d8989284867122][DEFAULT][/testlink/lib/general/navBar.php][16/Apr/1 20:59:04][16/Apr/1 20:59:04][took 0.062068 secs]
[<<][56fee130afe9e785096077][DEFAULT][/testlink/index.php][16/Apr/1 20:59:28][16/Apr/1 20:59:28][took 0.073673 secs]
[>>][56fee130c3a72888268539][DEFAULT][/testlink/index.php][16/Apr/1 20:59:28]
[<<][56fee130c3a72888268539][DEFAULT][/testlink/index.php][16/Apr/1 20:59:28][16/Apr/1 20:59:28][took 0.015336 secs]
[<<][56fee1310e9a2429405162][DEFAULT][/testlink/lib/general/mainPage.php][16/Apr/1 20:59:29][16/Apr/1 20:59:29][took 0.047591 secs]
[>>][56fee1311c20b387144229][DEFAULT][/testlink/lib/general/mainPage.php][16/Apr/1 20:59:29]
	[16/Apr/1 20:59:30][L18N][npkij4djjbt1dgirehqk17i2p5][GUI]
		string 'system_config' is not localized for locale 'en_US'  - using en_GB
	[16/Apr/1 20:59:30][L18N][npkij4djjbt1dgirehqk17i2p5][GUI]
		string 'link_report_test_cases_created_per_user' is not localized for locale 'en_US'  - using en_GB
	[16/Apr/1 20:59:30][L18N][npkij4djjbt1dgirehqk17i2p5][GUI]
		string 'href_issuetracker_management' is not localized for locale 'en_US'  - using en_GB
	[16/Apr/1 20:59:30][L18N][npkij4djjbt1dgirehqk17i2p5][GUI]
		string 'href_reqmgrsystem_management' is not localized for locale 'en_US'  - using en_GB
[<<][56fee1311c20b387144229][DEFAULT][/testlink/lib/general/mainPage.php][16/Apr/1 20:59:29][16/Apr/1 20:59:30][took 1.617093 secs]
[<<][56fee131090b4385523261][DEFAULT][/testlink/lib/general/navBar.php][16/Apr/1 20:59:29][16/Apr/1 20:59:30][took 1.76336 secs]
[>>][56fee132c5417208927535][DEFAULT][/testlink/lib/general/navBar.php][16/Apr/1 20:59:30]
[<<][56fee132c5417208927535][DEFAULT][/testlink/lib/general/navBar.php][16/Apr/1 20:59:30][16/Apr/1 20:59:30][took 0.090071 secs]
[<<][56fee1757dc2d609892273][DEFAULT][/testlink/lib/general/frmWorkArea.php][16/Apr/1 21:00:37][16/Apr/1 21:00:37][took 0.045047 secs]
[>>][56fee1758a167788124983][DEFAULT][/testlink/lib/general/frmWorkArea.php][16/Apr/1 21:00:37]
[<<][56fee1758a167788124983][DEFAULT][/testlink/lib/general/frmWorkArea.php][16/Apr/1 21:00:37][16/Apr/1 21:00:37][took 0.071642 secs]
[<<][56fee175bec6c438616450][DEFAULT][/lib/project/project_req_spec_mgmt.php][16/Apr/1 21:00:37][16/Apr/1 21:00:37][took 0.037494 secs]
[>>][56fee175cad94966296254][DEFAULT][/lib/project/project_req_spec_mgmt.php][16/Apr/1 21:00:37]
[<<][56fee175cad94966296254][DEFAULT][/lib/project/project_req_spec_mgmt.php][16/Apr/1 21:00:37][16/Apr/1 21:00:37][took 0.125771 secs]
[<<][56fee175c6e8e651499251][DEFAULT][/lib/requirements/reqSpecListTree.php][16/Apr/1 21:00:37][16/Apr/1 21:00:38][took 0.186471 secs]
[>>][56fee17601bb5347404772][DEFAULT][/lib/requirements/reqSpecListTree.php][16/Apr/1 21:00:38]
	[16/Apr/1 21:00:38][L18N][npkij4djjbt1dgirehqk17i2p5][GUI]
		string 'without_keywords' is not localized for locale 'en_US'  - using en_GB
	[16/Apr/1 21:00:39][L18N][npkij4djjbt1dgirehqk17i2p5][GUI]
		string 'filter_active_inactive' is not localized for locale 'en_US'  - using en_GB
	[16/Apr/1 21:00:39][L18N][npkij4djjbt1dgirehqk17i2p5][GUI]
		string 'hint_list_of_bugs' is not localized for locale 'en_US'  - using en_GB
	[16/Apr/1 21:00:39][L18N][npkij4djjbt1dgirehqk17i2p5][GUI]
		string 'bugs_on_context' is not localized for locale 'en_US'  - using en_GB
	[16/Apr/1 21:00:39][L18N][npkij4djjbt1dgirehqk17i2p5][GUI]
		string 'btn_export_testplan_tree_for_results' is not localized for locale 'en_US'  - using en_GB
	[16/Apr/1 21:00:39][L18N][npkij4djjbt1dgirehqk17i2p5][GUI]
		string 'tester_works_with_settings' is not localized for locale 'en_US'  - using en_GB
[<<][56fee17601bb5347404772][DEFAULT][/lib/requirements/reqSpecListTree.php][16/Apr/1 21:00:38][16/Apr/1 21:00:39][took 1.544113 secs]
[<<][56fee178d5959529979817][DEFAULT][/testlink/lib/ajax/getrequirementnodes.php][16/Apr/1 21:00:40][16/Apr/1 21:00:41][took 0.176838 secs]
[>>][56fee1790e6cc250538689][DEFAULT][/testlink/lib/ajax/getrequirementnodes.php][16/Apr/1 21:00:41]
[<<][56fee1790e6cc250538689][DEFAULT][/testlink/lib/ajax/getrequirementnodes.php][16/Apr/1 21:00:41][16/Apr/1 21:00:41][took 0.22397 secs]
[<<][56fee18701bb1249774975][DEFAULT][/testlink/lib/general/frmWorkArea.php][16/Apr/1 21:00:55][16/Apr/1 21:00:55][took 0.049399 secs]
[>>][56fee1870f6c4132259048][DEFAULT][/testlink/lib/general/frmWorkArea.php][16/Apr/1 21:00:55]
[<<][56fee1870f6c4132259048][DEFAULT][/testlink/lib/general/frmWorkArea.php][16/Apr/1 21:00:55][16/Apr/1 21:00:55][took 0.045727 secs]
[<<][56fee18794642434218839][DEFAULT][/testlink/lib/testcases/archiveData.php][16/Apr/1 21:00:55][16/Apr/1 21:00:55][took 0.098288 secs]
[>>][56fee187adcd4645306495][DEFAULT][/testlink/lib/testcases/archiveData.php][16/Apr/1 21:00:55]
	[16/Apr/1 21:00:56][L18N][npkij4djjbt1dgirehqk17i2p5][GUI]
		string 'btn_testcases_table_view' is not localized for locale 'en_US'  - using en_GB
	[16/Apr/1 21:00:56][L18N][npkij4djjbt1dgirehqk17i2p5][GUI]
		string 'btn_gen_test_spec' is not localized for locale 'en_US'  - using en_GB
	[16/Apr/1 21:00:56][L18N][npkij4djjbt1dgirehqk17i2p5][GUI]
		string 'btn_gen_test_spec_new_window' is not localized for locale 'en_US'  - using en_GB
	[16/Apr/1 21:00:56][L18N][npkij4djjbt1dgirehqk17i2p5][GUI]
		string 'btn_gen_test_spec_word' is not localized for locale 'en_US'  - using en_GB
	[16/Apr/1 21:00:56][L18N][npkij4djjbt1dgirehqk17i2p5][GUI]
		string 'btn_gen_test_suite_spec_word' is not localized for locale 'en_US'  - using en_GB
	[16/Apr/1 21:00:56][L18N][npkij4djjbt1dgirehqk17i2p5][GUI]
		string 'btn_gen_test_suite_spec' is not localized for locale 'en_US'  - using en_GB
	[16/Apr/1 21:00:56][L18N][npkij4djjbt1dgirehqk17i2p5][GUI]
		string 'btn_gen_test_suite_spec_new_window' is not localized for locale 'en_US'  - using en_GB
	[16/Apr/1 21:00:56][L18N][npkij4djjbt1dgirehqk17i2p5][GUI]
		string 'btn_create_from_issue_xml' is not localized for locale 'en_US'  - using en_GB
	[16/Apr/1 21:00:57][L18N][npkij4djjbt1dgirehqk17i2p5][GUI]
		string 'attachment_title' is not localized for locale 'en_US'  - using en_GB
	[16/Apr/1 21:00:57][L18N][npkij4djjbt1dgirehqk17i2p5][GUI]
		string 'click_to_get_attachment' is not localized for locale 'en_US'  - using en_GB
	[16/Apr/1 21:00:57][L18N][npkij4djjbt1dgirehqk17i2p5][GUI]
		string 'display_inline' is not localized for locale 'en_US'  - using en_GB
	[16/Apr/1 21:00:57][L18N][npkij4djjbt1dgirehqk17i2p5][GUI]
		string 'display_ea_string' is not localized for locale 'en_US'  - using en_GB
	[16/Apr/1 21:00:57][L18N][npkij4djjbt1dgirehqk17i2p5][GUI]
		string 'display_inline_string' is not localized for locale 'en_US'  - using en_GB
[<<][56fee187adcd4645306495][DEFAULT][/testlink/lib/testcases/archiveData.php][16/Apr/1 21:00:55][16/Apr/1 21:00:57][took 1.669487 secs]
[<<][56fee1879602f438308068][DEFAULT][/testlink/lib/testcases/listTestCases.php][16/Apr/1 21:00:55][16/Apr/1 21:00:57][took 1.826844 secs]
[>>][56fee1896d4c7175300205][DEFAULT][/testlink/lib/testcases/listTestCases.php][16/Apr/1 21:00:57]
	[16/Apr/1 21:00:57][L18N][npkij4djjbt1dgirehqk17i2p5][GUI]
		string 'not_linked' is not localized for locale 'en_US'  - using en_GB
	[16/Apr/1 21:00:57][L18N][npkij4djjbt1dgirehqk17i2p5][GUI]
		string 'testCaseStatus_draft' is not localized for locale 'en_US'  - using en_GB
	[16/Apr/1 21:00:57][L18N][npkij4djjbt1dgirehqk17i2p5][GUI]
		string 'testCaseStatus_readyForReview' is not localized for locale 'en_US'  - using en_GB
	[16/Apr/1 21:00:57][L18N][npkij4djjbt1dgirehqk17i2p5][GUI]
		string 'testCaseStatus_reviewInProgress' is not localized for locale 'en_US'  - using en_GB
	[16/Apr/1 21:00:57][L18N][npkij4djjbt1dgirehqk17i2p5][GUI]
		string 'testCaseStatus_rework' is not localized for locale 'en_US'  - using en_GB
	[16/Apr/1 21:00:58][L18N][npkij4djjbt1dgirehqk17i2p5][GUI]
		string 'testCaseStatus_obsolete' is not localized for locale 'en_US'  - using en_GB
	[16/Apr/1 21:00:58][L18N][npkij4djjbt1dgirehqk17i2p5][GUI]
		string 'testCaseStatus_future' is not localized for locale 'en_US'  - using en_GB
	[16/Apr/1 21:00:58][L18N][npkij4djjbt1dgirehqk17i2p5][GUI]
		string 'testCaseStatus_final' is not localized for locale 'en_US'  - using en_GB
[<<][56fee1896d4c7175300205][DEFAULT][/testlink/lib/testcases/listTestCases.php][16/Apr/1 21:00:57][16/Apr/1 21:00:58][took 1.168893 secs]
[<<][56fee18d145ca975795159][DEFAULT][/testlink/lib/ajax/gettprojectnodes.php][16/Apr/1 21:01:01][16/Apr/1 21:01:01][took 0.046811 secs]
[>>][56fee18d21763510131343][DEFAULT][/testlink/lib/ajax/gettprojectnodes.php][16/Apr/1 21:01:01]
[<<][56fee18d21763510131343][DEFAULT][/testlink/lib/ajax/gettprojectnodes.php][16/Apr/1 21:01:01][16/Apr/1 21:01:01][took 0.051391 secs]
[<<][56fee1938f9f3922184211][DEFAULT][/testlink/lib/project/projectView.php][16/Apr/1 21:01:07][16/Apr/1 21:01:07][took 0.04109 secs]
[>>][56fee1939ad06828846701][DEFAULT][/testlink/lib/project/projectView.php][16/Apr/1 21:01:07]
[<<][56fee1939ad06828846701][DEFAULT][/testlink/lib/project/projectView.php][16/Apr/1 21:01:07][16/Apr/1 21:01:07][took 0.058526 secs]
[<<][56fee19ecf196666634751][DEFAULT][/testlink/lib/general/frmWorkArea.php][16/Apr/1 21:01:18][16/Apr/1 21:01:18][took 0.03945 secs]
[>>][56fee19eda4b7149839515][DEFAULT][/testlink/lib/general/frmWorkArea.php][16/Apr/1 21:01:18]
[<<][56fee19eda4b7149839515][DEFAULT][/testlink/lib/general/frmWorkArea.php][16/Apr/1 21:01:18][16/Apr/1 21:01:18][took 0.038794 secs]
[<<][56fee19f208fb463336553][DEFAULT][/lib/project/project_req_spec_mgmt.php][16/Apr/1 21:01:19][16/Apr/1 21:01:19][took 0.042623 secs]
[>>][56fee19f30a7b111125787][DEFAULT][/lib/project/project_req_spec_mgmt.php][16/Apr/1 21:01:19]
[<<][56fee19f30a7b111125787][DEFAULT][/lib/project/project_req_spec_mgmt.php][16/Apr/1 21:01:19][16/Apr/1 21:01:19][took 0.04457 secs]
[<<][56fee19f1d57f404762971][DEFAULT][/lib/requirements/reqSpecListTree.php][16/Apr/1 21:01:19][16/Apr/1 21:01:19][took 0.139307 secs]
[>>][56fee19f425d9492219780][DEFAULT][/lib/requirements/reqSpecListTree.php][16/Apr/1 21:01:19]
[<<][56fee19f425d9492219780][DEFAULT][/lib/requirements/reqSpecListTree.php][16/Apr/1 21:01:19][16/Apr/1 21:01:19][took 0.151464 secs]
[<<][56fee1a1388ca415603824][DEFAULT][/testlink/lib/ajax/getrequirementnodes.php][16/Apr/1 21:01:21][16/Apr/1 21:01:21][took 0.042544 secs]
[>>][56fee1a1444c6486897927][DEFAULT][/testlink/lib/ajax/getrequirementnodes.php][16/Apr/1 21:01:21]
[<<][56fee1a1444c6486897927][DEFAULT][/testlink/lib/ajax/getrequirementnodes.php][16/Apr/1 21:01:21][16/Apr/1 21:01:21][took 0.038337 secs]
	[16/Apr/8 03:24:47][AUDIT][gm7s8lhphuor6dcrvoik3jb6n0][GUI]
		Login for 'admin' from '::1' succeeded
[<<][5707247f19bdb342653690][DEFAULT][/testlink/login.php][16/Apr/8 03:24:47][16/Apr/8 03:24:48][took 0.931398 secs]
[<<][5707248053ed6600528701][DEFAULT][/testlink/index.php][16/Apr/8 03:24:48][16/Apr/8 03:24:48][took 0.178659 secs]
[>>][5707248081d78629545261][DEFAULT][/testlink/index.php][16/Apr/8 03:24:48]
[<<][5707248081d78629545261][DEFAULT][/testlink/index.php][16/Apr/8 03:24:48][16/Apr/8 03:24:48][took 0.090982 secs]
[<<][570724828f848577011095][DEFAULT][/testlink/lib/general/navBar.php][16/Apr/8 03:24:50][16/Apr/8 03:24:50][took 0.09906 secs]
[>>][57072482a903c654228912][DEFAULT][/testlink/lib/general/navBar.php][16/Apr/8 03:24:50]
[<<][57072482a903c654228912][DEFAULT][/testlink/lib/general/navBar.php][16/Apr/8 03:24:50][16/Apr/8 03:24:51][took 0.514461 secs]
[<<][5707248290453180768221][DEFAULT][/testlink/lib/general/mainPage.php][16/Apr/8 03:24:50][16/Apr/8 03:24:51][took 0.677569 secs]
[>>][5707248344057879441179][DEFAULT][/testlink/lib/general/mainPage.php][16/Apr/8 03:24:51]
	[16/Apr/8 03:24:51][L18N][gm7s8lhphuor6dcrvoik3jb6n0][GUI]
		string 'system_config' is not localized for locale 'en_US'  - using en_GB
	[16/Apr/8 03:24:51][L18N][gm7s8lhphuor6dcrvoik3jb6n0][GUI]
		string 'link_report_test_cases_created_per_user' is not localized for locale 'en_US'  - using en_GB
	[16/Apr/8 03:24:51][L18N][gm7s8lhphuor6dcrvoik3jb6n0][GUI]
		string 'href_issuetracker_management' is not localized for locale 'en_US'  - using en_GB
	[16/Apr/8 03:24:51][L18N][gm7s8lhphuor6dcrvoik3jb6n0][GUI]
		string 'href_reqmgrsystem_management' is not localized for locale 'en_US'  - using en_GB
[<<][5707248344057879441179][DEFAULT][/testlink/lib/general/mainPage.php][16/Apr/8 03:24:51][16/Apr/8 03:24:51][took 0.688454 secs]
[<<][570726953b6ad718445465][DEFAULT][/testlink/index.php][16/Apr/8 03:33:41][16/Apr/8 03:33:41][took 0.092669 secs]
[>>][5707269554201005710170][DEFAULT][/testlink/index.php][16/Apr/8 03:33:41]
[<<][5707269554201005710170][DEFAULT][/testlink/index.php][16/Apr/8 03:33:41][16/Apr/8 03:33:41][took 0.022996 secs]
[<<][570726959526a515809377][DEFAULT][/testlink/lib/general/navBar.php][16/Apr/8 03:33:41][16/Apr/8 03:33:41][took 0.050059 secs]
[>>][57072695a89ed759593042][DEFAULT][/testlink/lib/general/navBar.php][16/Apr/8 03:33:41]
[<<][57072695a89ed759593042][DEFAULT][/testlink/lib/general/navBar.php][16/Apr/8 03:33:41][16/Apr/8 03:33:41][took 0.085878 secs]
[<<][57072695a0812923037176][DEFAULT][/testlink/lib/general/mainPage.php][16/Apr/8 03:33:41][16/Apr/8 03:33:41][took 0.131218 secs]
[>>][57072695c2644166663210][DEFAULT][/testlink/lib/general/mainPage.php][16/Apr/8 03:33:41]
[<<][57072695c2644166663210][DEFAULT][/testlink/lib/general/mainPage.php][16/Apr/8 03:33:41][16/Apr/8 03:33:41][took 0.097795 secs]
[<<][57072904af6ca605523756][DEFAULT][/testlink/lib/usermanagement/userInfo.php][16/Apr/8 03:44:04][16/Apr/8 03:44:04][took 0.051787 secs]
[>>][57072904bdf09525575228][DEFAULT][/testlink/lib/usermanagement/userInfo.php][16/Apr/8 03:44:04]
	[16/Apr/8 03:44:05][L18N][gm7s8lhphuor6dcrvoik3jb6n0][GUI]
		string 'demo_update_user_disabled' is not localized for locale 'en_US'  - using en_GB
[<<][57072904bdf09525575228][DEFAULT][/testlink/lib/usermanagement/userInfo.php][16/Apr/8 03:44:04][16/Apr/8 03:44:06][took 1.434688 secs]
[<<][57072921c4180046407470][DEFAULT][/testlink/index.php][16/Apr/8 03:44:33][16/Apr/8 03:44:33][took 0.063108 secs]
[>>][57072921d544a943074491][DEFAULT][/testlink/index.php][16/Apr/8 03:44:33]
[<<][57072921d544a943074491][DEFAULT][/testlink/index.php][16/Apr/8 03:44:33][16/Apr/8 03:44:33][took 0.014466 secs]
[<<][570729223f387631302580][DEFAULT][/testlink/lib/general/navBar.php][16/Apr/8 03:44:34][16/Apr/8 03:44:34][took 0.034585 secs]
[>>][570729224ad9a635916302][DEFAULT][/testlink/lib/general/navBar.php][16/Apr/8 03:44:34]
[<<][570729224ad9a635916302][DEFAULT][/testlink/lib/general/navBar.php][16/Apr/8 03:44:34][16/Apr/8 03:44:34][took 0.123088 secs]
[<<][570729224918e685716400][DEFAULT][/testlink/lib/general/mainPage.php][16/Apr/8 03:44:34][16/Apr/8 03:44:34][took 0.139746 secs]
[>>][570729226d2c3970305940][DEFAULT][/testlink/lib/general/mainPage.php][16/Apr/8 03:44:34]
[<<][570729226d2c3970305940][DEFAULT][/testlink/lib/general/mainPage.php][16/Apr/8 03:44:34][16/Apr/8 03:44:34][took 0.090449 secs]
[<<][5707292836dc6791780735][DEFAULT][/testlink/lib/platforms/platformsView.php][16/Apr/8 03:44:40][16/Apr/8 03:44:40][took 0.04896 secs]
[>>][5707292844601851640607][DEFAULT][/testlink/lib/platforms/platformsView.php][16/Apr/8 03:44:40]
[<<][5707292844601851640607][DEFAULT][/testlink/lib/platforms/platformsView.php][16/Apr/8 03:44:40][16/Apr/8 03:44:40][took 0.449548 secs]
[<<][57072935a7461795145773][DEFAULT][/testlink/lib/platforms/platformsEdit.php][16/Apr/8 03:44:53][16/Apr/8 03:44:53][took 0.089263 secs]
[>>][57072935be5fd748197420][DEFAULT][/testlink/lib/platforms/platformsEdit.php][16/Apr/8 03:44:53]
[<<][57072935be5fd748197420][DEFAULT][/testlink/lib/platforms/platformsEdit.php][16/Apr/8 03:44:53][16/Apr/8 03:44:53][took 0.157912 secs]
[<<][5707293a96fc6724484458][DEFAULT][/testlink/lib/platforms/platformsView.php][16/Apr/8 03:44:58][16/Apr/8 03:44:58][took 0.046519 secs]
[>>][5707293aa4198563790016][DEFAULT][/testlink/lib/platforms/platformsView.php][16/Apr/8 03:44:58]
[<<][5707293aa4198563790016][DEFAULT][/testlink/lib/platforms/platformsView.php][16/Apr/8 03:44:58][16/Apr/8 03:44:58][took 0.061611 secs]
[<<][5707293de601a385480700][DEFAULT][/testlink/index.php][16/Apr/8 03:45:01][16/Apr/8 03:45:02][took 0.06435 secs]
[>>][5707293e02e3e346513333][DEFAULT][/testlink/index.php][16/Apr/8 03:45:02]
[<<][5707293e02e3e346513333][DEFAULT][/testlink/index.php][16/Apr/8 03:45:02][16/Apr/8 03:45:02][took 0.01272 secs]
[<<][5707293e3c638520638243][DEFAULT][/testlink/lib/general/mainPage.php][16/Apr/8 03:45:02][16/Apr/8 03:45:02][took 0.046969 secs]
[>>][5707293e4b3a3019817759][DEFAULT][/testlink/lib/general/mainPage.php][16/Apr/8 03:45:02]
[<<][5707293e4b3a3019817759][DEFAULT][/testlink/lib/general/mainPage.php][16/Apr/8 03:45:02][16/Apr/8 03:45:02][took 0.063115 secs]
[<<][5707293e36c8f497776056][DEFAULT][/testlink/lib/general/navBar.php][16/Apr/8 03:45:02][16/Apr/8 03:45:02][took 0.157822 secs]
[>>][5707293e5ee1a375201470][DEFAULT][/testlink/lib/general/navBar.php][16/Apr/8 03:45:02]
[<<][5707293e5ee1a375201470][DEFAULT][/testlink/lib/general/navBar.php][16/Apr/8 03:45:02][16/Apr/8 03:45:02][took 0.062292 secs]
[<<][570729481a959621873000][DEFAULT][/testlink/lib/project/projectView.php][16/Apr/8 03:45:12][16/Apr/8 03:45:12][took 0.058352 secs]
[>>][570729482ab4c909945671][DEFAULT][/testlink/lib/project/projectView.php][16/Apr/8 03:45:12]
	[16/Apr/8 03:45:12][L18N][gm7s8lhphuor6dcrvoik3jb6n0][GUI]
		string 'available_test_projects' is not localized for locale 'en_US'  - using en_GB
	[16/Apr/8 03:45:12][L18N][gm7s8lhphuor6dcrvoik3jb6n0][GUI]
		string 'active_integration' is not localized for locale 'en_US'  - using en_GB
	[16/Apr/8 03:45:12][L18N][gm7s8lhphuor6dcrvoik3jb6n0][GUI]
		string 'inactive_integration' is not localized for locale 'en_US'  - using en_GB
	[16/Apr/8 03:45:12][L18N][gm7s8lhphuor6dcrvoik3jb6n0][GUI]
		string 'btn_search_filter' is not localized for locale 'en_US'  - using en_GB
	[16/Apr/8 03:45:12][L18N][gm7s8lhphuor6dcrvoik3jb6n0][GUI]
		string 'hint_like_search_on_name' is not localized for locale 'en_US'  - using en_GB
	[16/Apr/8 03:45:12][L18N][gm7s8lhphuor6dcrvoik3jb6n0][GUI]
		string 'btn_reset_filter' is not localized for locale 'en_US'  - using en_GB
	[16/Apr/8 03:45:12][L18N][gm7s8lhphuor6dcrvoik3jb6n0][GUI]
		string 'th_issuetracker' is not localized for locale 'en_US'  - using en_GB
	[16/Apr/8 03:45:12][L18N][gm7s8lhphuor6dcrvoik3jb6n0][GUI]
		string 'th_reqmgrsystem_short' is not localized for locale 'en_US'  - using en_GB
	[16/Apr/8 03:45:12][L18N][gm7s8lhphuor6dcrvoik3jb6n0][GUI]
		string 'active_click_to_change' is not localized for locale 'en_US'  - using en_GB
	[16/Apr/8 03:45:13][L18N][gm7s8lhphuor6dcrvoik3jb6n0][GUI]
		string 'inactive_click_to_change' is not localized for locale 'en_US'  - using en_GB
	[16/Apr/8 03:45:13][L18N][gm7s8lhphuor6dcrvoik3jb6n0][GUI]
		string 'click_to_enable' is not localized for locale 'en_US'  - using en_GB
	[16/Apr/8 03:45:13][L18N][gm7s8lhphuor6dcrvoik3jb6n0][GUI]
		string 'click_to_disable' is not localized for locale 'en_US'  - using en_GB
[<<][570729482ab4c909945671][DEFAULT][/testlink/lib/project/projectView.php][16/Apr/8 03:45:12][16/Apr/8 03:45:13][took 1.094776 secs]
	[16/Apr/20 19:23:08][AUDIT][8cqh9ju6g6fi8svuindo1e3ia7][GUI]
		Login for 'admin' from '127.0.0.1' succeeded
[<<][5717d71b9f1be537208686][DEFAULT][/testlink/login.php][16/Apr/20 19:23:07][16/Apr/20 19:23:08][took 0.759884 secs]
[<<][5717d71ca0f96089142395][DEFAULT][/testlink/index.php][16/Apr/20 19:23:08][16/Apr/20 19:23:08][took 0.15251 secs]
[>>][5717d71cc7e3e970570434][DEFAULT][/testlink/index.php][16/Apr/20 19:23:08]
[<<][5717d71cc7e3e970570434][DEFAULT][/testlink/index.php][16/Apr/20 19:23:08][16/Apr/20 19:23:08][took 0.070207 secs]
[<<][5717d71d26fd9300538731][DEFAULT][/testlink/lib/general/navBar.php][16/Apr/20 19:23:09][16/Apr/20 19:23:09][took 0.069783 secs]
[>>][5717d71d3ba27757915684][DEFAULT][/testlink/lib/general/navBar.php][16/Apr/20 19:23:09]
[<<][5717d71d3ba27757915684][DEFAULT][/testlink/lib/general/navBar.php][16/Apr/20 19:23:09][16/Apr/20 19:23:09][took 0.331141 secs]
[<<][5717d71d37be3448385649][DEFAULT][/testlink/lib/general/mainPage.php][16/Apr/20 19:23:09][16/Apr/20 19:23:09][took 0.494062 secs]
[>>][5717d71db228b635929751][DEFAULT][/testlink/lib/general/mainPage.php][16/Apr/20 19:23:09]
	[16/Apr/20 19:23:10][L18N][8cqh9ju6g6fi8svuindo1e3ia7][GUI]
		string 'system_config' is not localized for locale 'en_US'  - using en_GB
	[16/Apr/20 19:23:10][L18N][8cqh9ju6g6fi8svuindo1e3ia7][GUI]
		string 'link_report_test_cases_created_per_user' is not localized for locale 'en_US'  - using en_GB
	[16/Apr/20 19:23:10][L18N][8cqh9ju6g6fi8svuindo1e3ia7][GUI]
		string 'href_issuetracker_management' is not localized for locale 'en_US'  - using en_GB
	[16/Apr/20 19:23:10][L18N][8cqh9ju6g6fi8svuindo1e3ia7][GUI]
		string 'href_reqmgrsystem_management' is not localized for locale 'en_US'  - using en_GB
[<<][5717d71db228b635929751][DEFAULT][/testlink/lib/general/mainPage.php][16/Apr/20 19:23:09][16/Apr/20 19:23:10][took 0.949211 secs]
[<<][5717d74dc2ee7642000855][DEFAULT][/testlink/lib/general/navBar.php][16/Apr/20 19:23:57][16/Apr/20 19:23:57][took 0.046863 secs]
[>>][5717d74dd0120444141584][DEFAULT][/testlink/lib/general/navBar.php][16/Apr/20 19:23:57]
[<<][5717d74dd0120444141584][DEFAULT][/testlink/lib/general/navBar.php][16/Apr/20 19:23:57][16/Apr/20 19:23:57][took 0.053927 secs]
[<<][5717d754c1ebc240993515][DEFAULT][/testlink/index.php][16/Apr/20 19:24:04][16/Apr/20 19:24:04][took 0.072785 secs]
[>>][5717d754d5159415548994][DEFAULT][/testlink/index.php][16/Apr/20 19:24:04]
[<<][5717d754d5159415548994][DEFAULT][/testlink/index.php][16/Apr/20 19:24:04][16/Apr/20 19:24:04][took 0.01106 secs]
[<<][5717d7551133b963286336][DEFAULT][/testlink/lib/general/navBar.php][16/Apr/20 19:24:05][16/Apr/20 19:24:05][took 0.045497 secs]
[>>][5717d7551e05c109960212][DEFAULT][/testlink/lib/general/navBar.php][16/Apr/20 19:24:05]
[<<][5717d7551e05c109960212][DEFAULT][/testlink/lib/general/navBar.php][16/Apr/20 19:24:05][16/Apr/20 19:24:05][took 0.065475 secs]
[<<][5717d75520279968087730][DEFAULT][/testlink/lib/general/mainPage.php][16/Apr/20 19:24:05][16/Apr/20 19:24:05][took 0.094192 secs]
[>>][5717d755392c0191921052][DEFAULT][/testlink/lib/general/mainPage.php][16/Apr/20 19:24:05]
[<<][5717d755392c0191921052][DEFAULT][/testlink/lib/general/mainPage.php][16/Apr/20 19:24:05][16/Apr/20 19:24:05][took 0.062214 secs]
[<<][5717d7a29e35f961369614][DEFAULT][/testlink/index.php][16/Apr/20 19:25:22][16/Apr/20 19:25:22][took 0.069768 secs]
[>>][5717d7a2b0e3b262901946][DEFAULT][/testlink/index.php][16/Apr/20 19:25:22]
[<<][5717d7a2b0e3b262901946][DEFAULT][/testlink/index.php][16/Apr/20 19:25:22][16/Apr/20 19:25:22][took 0.013463 secs]
[<<][5717d7a2ef4e6160981683][DEFAULT][/testlink/lib/general/navBar.php][16/Apr/20 19:25:22][16/Apr/20 19:25:23][took 0.041611 secs]
[>>][5717d7a308c42913152279][DEFAULT][/testlink/lib/general/navBar.php][16/Apr/20 19:25:23]
[<<][5717d7a308c42913152279][DEFAULT][/testlink/lib/general/navBar.php][16/Apr/20 19:25:23][16/Apr/20 19:25:23][took 0.058726 secs]
[<<][5717d7a300cb4262880591][DEFAULT][/testlink/lib/general/mainPage.php][16/Apr/20 19:25:23][16/Apr/20 19:25:23][took 0.106238 secs]
[>>][5717d7a31d212743404421][DEFAULT][/testlink/lib/general/mainPage.php][16/Apr/20 19:25:23]
[<<][5717d7a31d212743404421][DEFAULT][/testlink/lib/general/mainPage.php][16/Apr/20 19:25:23][16/Apr/20 19:25:23][took 0.113704 secs]
[<<][5717d7cfe1c0c016233803][DEFAULT][/testlink/index.php][16/Apr/20 19:26:07][16/Apr/20 19:26:07][took 0.06352 secs]
[>>][5717d7cff2bb2949569603][DEFAULT][/testlink/index.php][16/Apr/20 19:26:07]
[<<][5717d7cff2bb2949569603][DEFAULT][/testlink/index.php][16/Apr/20 19:26:07][16/Apr/20 19:26:08][took 0.012824 secs]
[<<][5717d7d0178b8696030197][DEFAULT][/testlink/lib/general/navBar.php][16/Apr/20 19:26:08][16/Apr/20 19:26:08][took 0.059527 secs]
[>>][5717d7d028414600072365][DEFAULT][/testlink/lib/general/navBar.php][16/Apr/20 19:26:08]
[<<][5717d7d028414600072365][DEFAULT][/testlink/lib/general/navBar.php][16/Apr/20 19:26:08][16/Apr/20 19:26:08][took 0.056199 secs]
[<<][5717d7d01eb78886239338][DEFAULT][/testlink/lib/general/mainPage.php][16/Apr/20 19:26:08][16/Apr/20 19:26:08][took 0.114428 secs]
[>>][5717d7d03bfa9960983433][DEFAULT][/testlink/lib/general/mainPage.php][16/Apr/20 19:26:08]
[<<][5717d7d03bfa9960983433][DEFAULT][/testlink/lib/general/mainPage.php][16/Apr/20 19:26:08][16/Apr/20 19:26:08][took 0.148548 secs]
[<<][5717d7e54d126103402887][DEFAULT][/testlink/index.php][16/Apr/20 19:26:29][16/Apr/20 19:26:29][took 0.070654 secs]
[>>][5717d7e55fe5d922502407][DEFAULT][/testlink/index.php][16/Apr/20 19:26:29]
[<<][5717d7e55fe5d922502407][DEFAULT][/testlink/index.php][16/Apr/20 19:26:29][16/Apr/20 19:26:29][took 0.01452 secs]
[<<][5717d7e588dc7387083062][DEFAULT][/testlink/lib/general/navBar.php][16/Apr/20 19:26:29][16/Apr/20 19:26:29][took 0.039843 secs]
[>>][5717d7e599324254007149][DEFAULT][/testlink/lib/general/navBar.php][16/Apr/20 19:26:29]
[<<][5717d7e599324254007149][DEFAULT][/testlink/lib/general/navBar.php][16/Apr/20 19:26:29][16/Apr/20 19:26:29][took 0.141123 secs]
[<<][5717d7e591188976295076][DEFAULT][/testlink/lib/general/mainPage.php][16/Apr/20 19:26:29][16/Apr/20 19:26:29][took 0.166069 secs]
[>>][5717d7e5bfc2b994335744][DEFAULT][/testlink/lib/general/mainPage.php][16/Apr/20 19:26:29]
[<<][5717d7e5bfc2b994335744][DEFAULT][/testlink/lib/general/mainPage.php][16/Apr/20 19:26:29][16/Apr/20 19:26:29][took 0.06402 secs]
[<<][5717d82419a26111449585][DEFAULT][/testlink/index.php][16/Apr/20 19:27:32][16/Apr/20 19:27:32][took 0.072121 secs]
[>>][5717d8242d10d860209965][DEFAULT][/testlink/index.php][16/Apr/20 19:27:32]
[<<][5717d8242d10d860209965][DEFAULT][/testlink/index.php][16/Apr/20 19:27:32][16/Apr/20 19:27:32][took 0.012404 secs]
[<<][5717d82460820719122822][DEFAULT][/testlink/lib/general/navBar.php][16/Apr/20 19:27:32][16/Apr/20 19:27:32][took 0.042371 secs]
[>>][5717d8246c383113932345][DEFAULT][/testlink/lib/general/navBar.php][16/Apr/20 19:27:32]
[<<][5717d8246c383113932345][DEFAULT][/testlink/lib/general/navBar.php][16/Apr/20 19:27:32][16/Apr/20 19:27:32][took 0.066101 secs]
[<<][5717d82463ab5782074476][DEFAULT][/testlink/lib/general/mainPage.php][16/Apr/20 19:27:32][16/Apr/20 19:27:32][took 0.115118 secs]
[>>][5717d8248164c910422363][DEFAULT][/testlink/lib/general/mainPage.php][16/Apr/20 19:27:32]
[<<][5717d8248164c910422363][DEFAULT][/testlink/lib/general/mainPage.php][16/Apr/20 19:27:32][16/Apr/20 19:27:32][took 0.209313 secs]
[<<][5717d83976750886684659][DEFAULT][/testlink/index.php][16/Apr/20 19:27:53][16/Apr/20 19:27:53][took 0.106601 secs]
[>>][5717d83992110449716733][DEFAULT][/testlink/index.php][16/Apr/20 19:27:53]
[<<][5717d83992110449716733][DEFAULT][/testlink/index.php][16/Apr/20 19:27:53][16/Apr/20 19:27:53][took 0.011593 secs]
[<<][5717d83ac8fdb076908973][DEFAULT][/testlink/lib/general/navBar.php][16/Apr/20 19:27:54][16/Apr/20 19:27:54][took 0.046061 secs]
[>>][5717d83adf70f189071652][DEFAULT][/testlink/lib/general/navBar.php][16/Apr/20 19:27:54]
[<<][5717d83adf70f189071652][DEFAULT][/testlink/lib/general/navBar.php][16/Apr/20 19:27:54][16/Apr/20 19:27:54][took 0.065742 secs]
[<<][5717d83ad5b7a656928536][DEFAULT][/testlink/lib/general/mainPage.php][16/Apr/20 19:27:54][16/Apr/20 19:27:54][took 0.121055 secs]
[>>][5717d83b03a17451264502][DEFAULT][/testlink/lib/general/mainPage.php][16/Apr/20 19:27:55]
[<<][5717d83b03a17451264502][DEFAULT][/testlink/lib/general/mainPage.php][16/Apr/20 19:27:55][16/Apr/20 19:27:55][took 0.12717 secs]
[<<][5717d889d4cd4276699842][DEFAULT][/testlink/index.php][16/Apr/20 19:29:13][16/Apr/20 19:29:13][took 0.078393 secs]
[>>][5717d889e9ec4823554186][DEFAULT][/testlink/index.php][16/Apr/20 19:29:13]
[<<][5717d889e9ec4823554186][DEFAULT][/testlink/index.php][16/Apr/20 19:29:13][16/Apr/20 19:29:13][took 0.013774 secs]
[<<][5717d88a1ac10579129254][DEFAULT][/testlink/lib/general/navBar.php][16/Apr/20 19:29:14][16/Apr/20 19:29:14][took 0.057447 secs]
[>>][5717d88a2a3f8278767127][DEFAULT][/testlink/lib/general/navBar.php][16/Apr/20 19:29:14]
[<<][5717d88a2a3f8278767127][DEFAULT][/testlink/lib/general/navBar.php][16/Apr/20 19:29:14][16/Apr/20 19:29:14][took 0.075839 secs]
[<<][5717d88a1bf05773526919][DEFAULT][/testlink/lib/general/mainPage.php][16/Apr/20 19:29:14][16/Apr/20 19:29:14][took 0.157914 secs]
[>>][5717d88a43f51046191439][DEFAULT][/testlink/lib/general/mainPage.php][16/Apr/20 19:29:14]
[<<][5717d88a43f51046191439][DEFAULT][/testlink/lib/general/mainPage.php][16/Apr/20 19:29:14][16/Apr/20 19:29:14][took 0.138443 secs]
	[16/Apr/22 19:17:09][AUDIT][otk6qgc1kmuotbbqf4blrmptr4][GUI]
		Login for 'admin' from '::1' succeeded
[<<][571a78b579d43212817784][DEFAULT][/testlink/login.php][16/Apr/22 19:17:09][16/Apr/22 19:17:10][took 0.745135 secs]
[<<][571a78b65c7b6427077007][DEFAULT][/testlink/index.php][16/Apr/22 19:17:10][16/Apr/22 19:17:10][took 0.131335 secs]
[>>][571a78b67f918628514036][DEFAULT][/testlink/index.php][16/Apr/22 19:17:10]
[<<][571a78b67f918628514036][DEFAULT][/testlink/index.php][16/Apr/22 19:17:10][16/Apr/22 19:17:10][took 0.034396 secs]
[<<][571a78b6d9f5a383269009][DEFAULT][/testlink/lib/general/navBar.php][16/Apr/22 19:17:10][16/Apr/22 19:17:10][took 0.048438 secs]
[>>][571a78b6e7a6c694049222][DEFAULT][/testlink/lib/general/navBar.php][16/Apr/22 19:17:10]
[<<][571a78b6e7a6c694049222][DEFAULT][/testlink/lib/general/navBar.php][16/Apr/22 19:17:10][16/Apr/22 19:17:11][took 0.323069 secs]
[<<][571a78b736969715164405][DEFAULT][/testlink/lib/general/mainPage.php][16/Apr/22 19:17:11][16/Apr/22 19:17:11][took 0.059428 secs]
[>>][571a78b74804f421655727][DEFAULT][/testlink/lib/general/mainPage.php][16/Apr/22 19:17:11]
	[16/Apr/22 19:17:11][L18N][otk6qgc1kmuotbbqf4blrmptr4][GUI]
		string 'system_config' is not localized for locale 'en_US'  - using en_GB
	[16/Apr/22 19:17:12][L18N][otk6qgc1kmuotbbqf4blrmptr4][GUI]
		string 'link_report_test_cases_created_per_user' is not localized for locale 'en_US'  - using en_GB
	[16/Apr/22 19:17:12][L18N][otk6qgc1kmuotbbqf4blrmptr4][GUI]
		string 'href_issuetracker_management' is not localized for locale 'en_US'  - using en_GB
	[16/Apr/22 19:17:12][L18N][otk6qgc1kmuotbbqf4blrmptr4][GUI]
		string 'href_reqmgrsystem_management' is not localized for locale 'en_US'  - using en_GB
[<<][571a78b74804f421655727][DEFAULT][/testlink/lib/general/mainPage.php][16/Apr/22 19:17:11][16/Apr/22 19:17:12][took 1.392498 secs]
[<<][571aa72aefc23721332524][DEFAULT][/testlink/lib/usermanagement/userInfo.php][16/Apr/22 22:35:22][16/Apr/22 22:35:23][took 0.099504 secs]
[>>][571aa72b16adc443796487][DEFAULT][/testlink/lib/usermanagement/userInfo.php][16/Apr/22 22:35:23]
	[16/Apr/22 22:35:23][L18N][otk6qgc1kmuotbbqf4blrmptr4][GUI]
		string 'demo_update_user_disabled' is not localized for locale 'en_US'  - using en_GB
[<<][571aa72b16adc443796487][DEFAULT][/testlink/lib/usermanagement/userInfo.php][16/Apr/22 22:35:23][16/Apr/22 22:35:25][took 2.179657 secs]
	[16/Apr/22 23:05:12][AUDIT][4ovtp9vgipe4d72qvtdh06ufg5][GUI]
		Login for 'admin' from '127.0.0.1' succeeded
[<<][571aae283848b523120511][DEFAULT][/testlink/login.php][16/Apr/22 23:05:12][16/Apr/22 23:05:12][took 0.355089 secs]
[<<][571aae28c3ae0683834469][DEFAULT][/testlink/index.php][16/Apr/22 23:05:12][16/Apr/22 23:05:12][took 0.076548 secs]
[>>][571aae28d7f3e625675060][DEFAULT][/testlink/index.php][16/Apr/22 23:05:12]
[<<][571aae28d7f3e625675060][DEFAULT][/testlink/index.php][16/Apr/22 23:05:12][16/Apr/22 23:05:12][took 0.016589 secs]
[<<][571aae295d23a715315618][DEFAULT][/testlink/lib/general/mainPage.php][16/Apr/22 23:05:13][16/Apr/22 23:05:13][took 0.044458 secs]
[>>][571aae296a29f887502554][DEFAULT][/testlink/lib/general/mainPage.php][16/Apr/22 23:05:13]
	[16/Apr/22 23:05:13][L18N][4ovtp9vgipe4d72qvtdh06ufg5][GUI]
		string 'system_config' is not localized for locale 'en_US'  - using en_GB
	[16/Apr/22 23:05:13][L18N][4ovtp9vgipe4d72qvtdh06ufg5][GUI]
		string 'link_report_test_cases_created_per_user' is not localized for locale 'en_US'  - using en_GB
	[16/Apr/22 23:05:13][L18N][4ovtp9vgipe4d72qvtdh06ufg5][GUI]
		string 'href_issuetracker_management' is not localized for locale 'en_US'  - using en_GB
	[16/Apr/22 23:05:13][L18N][4ovtp9vgipe4d72qvtdh06ufg5][GUI]
		string 'href_reqmgrsystem_management' is not localized for locale 'en_US'  - using en_GB
[<<][571aae296a29f887502554][DEFAULT][/testlink/lib/general/mainPage.php][16/Apr/22 23:05:13][16/Apr/22 23:05:13][took 0.545825 secs]
[<<][571aae295c07f562888737][DEFAULT][/testlink/lib/general/navBar.php][16/Apr/22 23:05:13][16/Apr/22 23:05:14][took 0.682688 secs]
[>>][571aae2a11b9e364377864][DEFAULT][/testlink/lib/general/navBar.php][16/Apr/22 23:05:14]
[<<][571aae2a11b9e364377864][DEFAULT][/testlink/lib/general/navBar.php][16/Apr/22 23:05:14][16/Apr/22 23:05:14][took 0.182691 secs]
[<<][571aae67ee36c880600984][DEFAULT][/testlink/index.php][16/Apr/22 23:06:15][16/Apr/22 23:06:16][took 0.101406 secs]
[>>][571aae6814721446379703][DEFAULT][/testlink/index.php][16/Apr/22 23:06:16]
[<<][571aae6814721446379703][DEFAULT][/testlink/index.php][16/Apr/22 23:06:16][16/Apr/22 23:06:16][took 0.014941 secs]
[<<][571aae682e275134720637][DEFAULT][/testlink/lib/general/navBar.php][16/Apr/22 23:06:16][16/Apr/22 23:06:16][took 0.03633 secs]
[>>][571aae683fbfd247539312][DEFAULT][/testlink/lib/general/navBar.php][16/Apr/22 23:06:16]
[<<][571aae683fbfd247539312][DEFAULT][/testlink/lib/general/navBar.php][16/Apr/22 23:06:16][16/Apr/22 23:06:16][took 0.081556 secs]
[<<][571aae6842d20246529918][DEFAULT][/testlink/lib/general/mainPage.php][16/Apr/22 23:06:16][16/Apr/22 23:06:16][took 0.087912 secs]
[>>][571aae685ab9f614163408][DEFAULT][/testlink/lib/general/mainPage.php][16/Apr/22 23:06:16]
[<<][571aae685ab9f614163408][DEFAULT][/testlink/lib/general/mainPage.php][16/Apr/22 23:06:16][16/Apr/22 23:06:16][took 0.094983 secs]
[<<][571aaebb43f09075720599][DEFAULT][/testlink/index.php][16/Apr/22 23:07:39][16/Apr/22 23:07:39][took 0.065762 secs]
[>>][571aaebb553d4221916925][DEFAULT][/testlink/index.php][16/Apr/22 23:07:39]
[<<][571aaebb553d4221916925][DEFAULT][/testlink/index.php][16/Apr/22 23:07:39][16/Apr/22 23:07:39][took 0.013353 secs]
[<<][571aaebb74820107925478][DEFAULT][/testlink/lib/general/navBar.php][16/Apr/22 23:07:39][16/Apr/22 23:07:39][took 0.035804 secs]
[>>][571aaebb7f408413600273][DEFAULT][/testlink/lib/general/navBar.php][16/Apr/22 23:07:39]
[<<][571aaebb7f408413600273][DEFAULT][/testlink/lib/general/navBar.php][16/Apr/22 23:07:39][16/Apr/22 23:07:39][took 0.071428 secs]
[<<][571aaebb782e9411772708][DEFAULT][/testlink/lib/general/mainPage.php][16/Apr/22 23:07:39][16/Apr/22 23:07:39][took 0.113319 secs]
[>>][571aaebb956c5799325268][DEFAULT][/testlink/lib/general/mainPage.php][16/Apr/22 23:07:39]
[<<][571aaebb956c5799325268][DEFAULT][/testlink/lib/general/mainPage.php][16/Apr/22 23:07:39][16/Apr/22 23:07:39][took 0.122592 secs]
[<<][571ab769f131b485022586][DEFAULT][/testlink/index.php][16/Apr/22 23:44:41][16/Apr/22 23:44:42][took 0.073607 secs]
[>>][571ab76a10f6d923370620][DEFAULT][/testlink/index.php][16/Apr/22 23:44:42]
[<<][571ab76a10f6d923370620][DEFAULT][/testlink/index.php][16/Apr/22 23:44:42][16/Apr/22 23:44:42][took 0.018997 secs]
[<<][571ab76a3ab45729305511][DEFAULT][/testlink/lib/general/navBar.php][16/Apr/22 23:44:42][16/Apr/22 23:44:42][took 0.12937 secs]
[>>][571ab76a5cfda017394366][DEFAULT][/testlink/lib/general/navBar.php][16/Apr/22 23:44:42]
[<<][571ab76a5cfda017394366][DEFAULT][/testlink/lib/general/navBar.php][16/Apr/22 23:44:42][16/Apr/22 23:44:42][took 0.070556 secs]
[<<][571ab76a40d8c419230991][DEFAULT][/testlink/lib/general/mainPage.php][16/Apr/22 23:44:42][16/Apr/22 23:44:42][took 0.191523 secs]
[>>][571ab76a74632221475065][DEFAULT][/testlink/lib/general/mainPage.php][16/Apr/22 23:44:42]
[<<][571ab76a74632221475065][DEFAULT][/testlink/lib/general/mainPage.php][16/Apr/22 23:44:42][16/Apr/22 23:44:42][took 0.167744 secs]
[<<][571ab83c8f172551172486][DEFAULT][/testlink/index.php][16/Apr/22 23:48:12][16/Apr/22 23:48:12][took 0.120779 secs]
[>>][571ab83cb62cc888403957][DEFAULT][/testlink/index.php][16/Apr/22 23:48:12]
[<<][571ab83cb62cc888403957][DEFAULT][/testlink/index.php][16/Apr/22 23:48:12][16/Apr/22 23:48:12][took 0.014733 secs]
[<<][571ab83d085f5412733667][DEFAULT][/testlink/lib/general/navBar.php][16/Apr/22 23:48:13][16/Apr/22 23:48:13][took 0.102312 secs]
[>>][571ab83d255a9926815365][DEFAULT][/testlink/lib/general/navBar.php][16/Apr/22 23:48:13]
[<<][571ab83d255a9926815365][DEFAULT][/testlink/lib/general/navBar.php][16/Apr/22 23:48:13][16/Apr/22 23:48:13][took 0.13835 secs]
[<<][571ab83d1354d552035873][DEFAULT][/testlink/lib/general/mainPage.php][16/Apr/22 23:48:13][16/Apr/22 23:48:13][took 0.237813 secs]
[>>][571ab83d4fa46180682369][DEFAULT][/testlink/lib/general/mainPage.php][16/Apr/22 23:48:13]
[<<][571ab83d4fa46180682369][DEFAULT][/testlink/lib/general/mainPage.php][16/Apr/22 23:48:13][16/Apr/22 23:48:13][took 0.113191 secs]
[<<][571ab841dd45b939631677][DEFAULT][/testlink/logout.php][16/Apr/22 23:48:17][16/Apr/22 23:48:17][took 0.033388 secs]
[>>][571ab841e6a88493601943][DEFAULT][/testlink/logout.php][16/Apr/22 23:48:17]
	[16/Apr/22 23:48:17][AUDIT][4ovtp9vgipe4d72qvtdh06ufg5][GUI]
		Logout of 'admin'
[<<][571bc5dd32f53110286709][DEFAULT][/testlink/index.php][16/Apr/23 18:58:37][16/Apr/23 18:58:37][took 0.359812 secs]
[>>][571bc5dda799c847422880][DEFAULT][/testlink/index.php][16/Apr/23 18:58:37]
[<<][571bc5dda799c847422880][DEFAULT][/testlink/index.php][16/Apr/23 18:58:37][16/Apr/23 18:58:37][took 0.264053 secs]
[<<][571bc5de45ec0085954707][DEFAULT][/testlink/lib/general/navBar.php][16/Apr/23 18:58:38][16/Apr/23 18:58:38][took 0.105893 secs]
[>>][571bc5de616ad750293048][DEFAULT][/testlink/lib/general/navBar.php][16/Apr/23 18:58:38]
[<<][571bc5de616ad750293048][DEFAULT][/testlink/lib/general/navBar.php][16/Apr/23 18:58:38][16/Apr/23 18:58:38][took 0.502472 secs]
[<<][571bc5de495d7910866413][DEFAULT][/testlink/lib/general/mainPage.php][16/Apr/23 18:58:38][16/Apr/23 18:58:38][took 0.618685 secs]
[>>][571bc5dee2f28939592743][DEFAULT][/testlink/lib/general/mainPage.php][16/Apr/23 18:58:38]
[<<][571bc5dee2f28939592743][DEFAULT][/testlink/lib/general/mainPage.php][16/Apr/23 18:58:38][16/Apr/23 18:58:40][took 1.857631 secs]
[<<][571bc6285491d380733736][DEFAULT][/testlink/index.php][16/Apr/23 18:59:52][16/Apr/23 18:59:52][took 0.110737 secs]
[>>][571bc6287102e142721401][DEFAULT][/testlink/index.php][16/Apr/23 18:59:52]
[<<][571bc6287102e142721401][DEFAULT][/testlink/index.php][16/Apr/23 18:59:52][16/Apr/23 18:59:52][took 0.01761 secs]
[<<][571bc62884596469928425][DEFAULT][/testlink/lib/general/navBar.php][16/Apr/23 18:59:52][16/Apr/23 18:59:52][took 0.03782 secs]
[>>][571bc6288f683772898084][DEFAULT][/testlink/lib/general/navBar.php][16/Apr/23 18:59:52]
[<<][571bc6288f683772898084][DEFAULT][/testlink/lib/general/navBar.php][16/Apr/23 18:59:52][16/Apr/23 18:59:52][took 0.099567 secs]
[<<][571bc628873b7494248268][DEFAULT][/testlink/lib/general/mainPage.php][16/Apr/23 18:59:52][16/Apr/23 18:59:52][took 0.155891 secs]
[>>][571bc628af6e5413110388][DEFAULT][/testlink/lib/general/mainPage.php][16/Apr/23 18:59:52]
[<<][571bc628af6e5413110388][DEFAULT][/testlink/lib/general/mainPage.php][16/Apr/23 18:59:52][16/Apr/23 18:59:52][took 0.192427 secs]
